06-Jun-2020 21:07:56.634 信息 [main] org.apache.catalina.startup.VersionLoggerListener.log Server.服务器版本: Apache Tomcat/8.5.55
06-Jun-2020 21:07:56.637 信息 [main] org.apache.catalina.startup.VersionLoggerListener.log 服务器构建:        May 5 2020 22:10:54 UTC
06-Jun-2020 21:07:56.637 信息 [main] org.apache.catalina.startup.VersionLoggerListener.log 服务器版本号(:     8.5.55.0
06-Jun-2020 21:07:56.637 信息 [main] org.apache.catalina.startup.VersionLoggerListener.log 操作系统名称:      Mac OS X
06-Jun-2020 21:07:56.637 信息 [main] org.apache.catalina.startup.VersionLoggerListener.log OS.版本:           10.15.4
06-Jun-2020 21:07:56.637 信息 [main] org.apache.catalina.startup.VersionLoggerListener.log 架构:              x86_64
06-Jun-2020 21:07:56.637 信息 [main] org.apache.catalina.startup.VersionLoggerListener.log Java 环境变量:     /Library/Java/JavaVirtualMachines/jdk1.8.0_221.jdk/Contents/Home/jre
06-Jun-2020 21:07:56.637 信息 [main] org.apache.catalina.startup.VersionLoggerListener.log Java虚拟机版本:    1.8.0_221-b11
06-Jun-2020 21:07:56.637 信息 [main] org.apache.catalina.startup.VersionLoggerListener.log JVM.供应商:        Oracle Corporation
06-Jun-2020 21:07:56.637 信息 [main] org.apache.catalina.startup.VersionLoggerListener.log CATALINA_BASE:     /Users/nieaowei/Downloads/apache-tomcat-8.5.55
06-Jun-2020 21:07:56.639 信息 [main] org.apache.catalina.startup.VersionLoggerListener.log CATALINA_HOME:     /Users/nieaowei/Downloads/apache-tomcat-8.5.55
06-Jun-2020 21:07:56.640 信息 [main] org.apache.catalina.startup.VersionLoggerListener.log 命令行参数：-Djava.util.logging.config.file=/Users/nieaowei/Downloads/apache-tomcat-8.5.55/conf/logging.properties
06-Jun-2020 21:07:56.640 信息 [main] org.apache.catalina.startup.VersionLoggerListener.log 命令行参数：-Djava.util.logging.manager=org.apache.juli.ClassLoaderLogManager
06-Jun-2020 21:07:56.640 信息 [main] org.apache.catalina.startup.VersionLoggerListener.log 命令行参数：-Djdk.tls.ephemeralDHKeySize=2048
06-Jun-2020 21:07:56.640 信息 [main] org.apache.catalina.startup.VersionLoggerListener.log 命令行参数：-Djava.protocol.handler.pkgs=org.apache.catalina.webresources
06-Jun-2020 21:07:56.640 信息 [main] org.apache.catalina.startup.VersionLoggerListener.log 命令行参数：-Dorg.apache.catalina.security.SecurityListener.UMASK=0027
06-Jun-2020 21:07:56.640 信息 [main] org.apache.catalina.startup.VersionLoggerListener.log 命令行参数：-Dignore.endorsed.dirs=
06-Jun-2020 21:07:56.640 信息 [main] org.apache.catalina.startup.VersionLoggerListener.log 命令行参数：-Dcatalina.base=/Users/nieaowei/Downloads/apache-tomcat-8.5.55
06-Jun-2020 21:07:56.640 信息 [main] org.apache.catalina.startup.VersionLoggerListener.log 命令行参数：-Dcatalina.home=/Users/nieaowei/Downloads/apache-tomcat-8.5.55
06-Jun-2020 21:07:56.640 信息 [main] org.apache.catalina.startup.VersionLoggerListener.log 命令行参数：-Djava.io.tmpdir=/Users/nieaowei/Downloads/apache-tomcat-8.5.55/temp
06-Jun-2020 21:07:56.641 信息 [main] org.apache.catalina.core.AprLifecycleListener.lifecycleEvent 在java.library.path:[/Users/nieaowei/Library/Java/Extensions:/Library/Java/Extensions:/Network/Library/Java/Extensions:/System/Library/Java/Extensions:/usr/lib/java:.]上找不到基于APR的Apache Tomcat本机库，该库允许在生产环境中获得最佳性能
06-Jun-2020 21:07:56.738 信息 [main] org.apache.coyote.AbstractProtocol.init 初始化协议处理器 ["http-nio-8080"]
06-Jun-2020 21:07:56.749 信息 [main] org.apache.tomcat.util.net.NioSelectorPool.getSharedSelector Using a shared selector for servlet write/read
06-Jun-2020 21:07:56.760 信息 [main] org.apache.catalina.startup.Catalina.load Initialization processed in 463 ms
06-Jun-2020 21:07:56.780 信息 [main] org.apache.catalina.core.StandardService.startInternal 正在启动服务[Catalina]
06-Jun-2020 21:07:56.780 信息 [main] org.apache.catalina.core.StandardEngine.startInternal Starting Servlet Engine: Apache Tomcat/8.5.55
06-Jun-2020 21:07:56.794 信息 [localhost-startStop-1] org.apache.catalina.startup.HostConfig.deployDirectory 把web 应用程序部署到目录 [/Users/nieaowei/Downloads/apache-tomcat-8.5.55/webapps/docs]
06-Jun-2020 21:07:56.993 信息 [localhost-startStop-1] org.apache.catalina.startup.HostConfig.deployDirectory Web应用程序目录[/Users/nieaowei/Downloads/apache-tomcat-8.5.55/webapps/docs]的部署已在[198]毫秒内完成
06-Jun-2020 21:07:56.994 信息 [localhost-startStop-1] org.apache.catalina.startup.HostConfig.deployDirectory 把web 应用程序部署到目录 [/Users/nieaowei/Downloads/apache-tomcat-8.5.55/webapps/manager]
06-Jun-2020 21:07:57.021 信息 [localhost-startStop-1] org.apache.catalina.startup.HostConfig.deployDirectory Web应用程序目录[/Users/nieaowei/Downloads/apache-tomcat-8.5.55/webapps/manager]的部署已在[27]毫秒内完成
06-Jun-2020 21:07:57.021 信息 [localhost-startStop-1] org.apache.catalina.startup.HostConfig.deployDirectory 把web 应用程序部署到目录 [/Users/nieaowei/Downloads/apache-tomcat-8.5.55/webapps/examples]
06-Jun-2020 21:07:57.277 信息 [localhost-startStop-1] org.apache.catalina.startup.HostConfig.deployDirectory Web应用程序目录[/Users/nieaowei/Downloads/apache-tomcat-8.5.55/webapps/examples]的部署已在[256]毫秒内完成
06-Jun-2020 21:07:57.277 信息 [localhost-startStop-1] org.apache.catalina.startup.HostConfig.deployDirectory 把web 应用程序部署到目录 [/Users/nieaowei/Downloads/apache-tomcat-8.5.55/webapps/ROOT]
06-Jun-2020 21:07:57.287 信息 [localhost-startStop-1] org.apache.catalina.startup.HostConfig.deployDirectory Web应用程序目录[/Users/nieaowei/Downloads/apache-tomcat-8.5.55/webapps/ROOT]的部署已在[10]毫秒内完成
06-Jun-2020 21:07:57.288 信息 [localhost-startStop-1] org.apache.catalina.startup.HostConfig.deployDirectory 把web 应用程序部署到目录 [/Users/nieaowei/Downloads/apache-tomcat-8.5.55/webapps/host-manager]
06-Jun-2020 21:07:57.300 信息 [localhost-startStop-1] org.apache.catalina.startup.HostConfig.deployDirectory Web应用程序目录[/Users/nieaowei/Downloads/apache-tomcat-8.5.55/webapps/host-manager]的部署已在[12]毫秒内完成
06-Jun-2020 21:07:57.302 信息 [main] org.apache.coyote.AbstractProtocol.start 开始协议处理句柄["http-nio-8080"]
06-Jun-2020 21:07:57.309 信息 [main] org.apache.catalina.startup.Catalina.start Server startup in 549 ms
06-Jun-2020 21:08:08.039 信息 [http-nio-8080-exec-1] org.apache.tomcat.util.http.parser.Cookie.logInvalidHeader 收到包含无效cookie的cookie头[1590999570,1591075163,1591209098; CNZZDATA1278744578=1160004713-1589450485-%7C1589707196; UM_distinctid=17212a8d9b5ba4-07a47d0ce1730b8-3f616e4b-1fa400-17212a8d9b6d62; Webstorm-ea23cae7=8bb65643-d2cb-4ca4-b530-bdb43e5d6852]。将忽略该cookie。␣注意：此错误的进一步出现将记录在调试级别。
06-Jun-2020 21:11:57.431 信息 [ContainerBackgroundProcessor[StandardEngine[Catalina]]] org.apache.catalina.users.MemoryUserDatabase.backgroundProcess 从更新的字眼[file:/Users/nieaowei/Downloads/apache-tomcat-8.5.55/conf/tomcat-users.xml]重新加载内存用户数据库
06-Jun-2020 21:12:13.239 信息 [main] org.apache.catalina.core.StandardServer.await 通过关闭端口接收到有效的关闭命令。正在停止服务器实例。
06-Jun-2020 21:12:13.241 信息 [main] org.apache.coyote.AbstractProtocol.pause 暂停ProtocolHandler["http-nio-8080"]
06-Jun-2020 21:12:13.253 信息 [main] org.apache.catalina.core.StandardService.stopInternal 正在停止服务[Catalina]
06-Jun-2020 21:12:13.280 信息 [main] org.apache.coyote.AbstractProtocol.stop 正在停止ProtocolHandler ["http-nio-8080"]
06-Jun-2020 21:12:13.282 信息 [main] org.apache.coyote.AbstractProtocol.destroy 正在摧毁协议处理器 ["http-nio-8080"]
06-Jun-2020 21:12:15.383 信息 [main] org.apache.catalina.startup.VersionLoggerListener.log Server.服务器版本: Apache Tomcat/8.5.55
06-Jun-2020 21:12:15.386 信息 [main] org.apache.catalina.startup.VersionLoggerListener.log 服务器构建:        May 5 2020 22:10:54 UTC
06-Jun-2020 21:12:15.386 信息 [main] org.apache.catalina.startup.VersionLoggerListener.log 服务器版本号(:     8.5.55.0
06-Jun-2020 21:12:15.386 信息 [main] org.apache.catalina.startup.VersionLoggerListener.log 操作系统名称:      Mac OS X
06-Jun-2020 21:12:15.386 信息 [main] org.apache.catalina.startup.VersionLoggerListener.log OS.版本:           10.15.4
06-Jun-2020 21:12:15.386 信息 [main] org.apache.catalina.startup.VersionLoggerListener.log 架构:              x86_64
06-Jun-2020 21:12:15.386 信息 [main] org.apache.catalina.startup.VersionLoggerListener.log Java 环境变量:     /Library/Java/JavaVirtualMachines/jdk1.8.0_221.jdk/Contents/Home/jre
06-Jun-2020 21:12:15.386 信息 [main] org.apache.catalina.startup.VersionLoggerListener.log Java虚拟机版本:    1.8.0_221-b11
06-Jun-2020 21:12:15.386 信息 [main] org.apache.catalina.startup.VersionLoggerListener.log JVM.供应商:        Oracle Corporation
06-Jun-2020 21:12:15.386 信息 [main] org.apache.catalina.startup.VersionLoggerListener.log CATALINA_BASE:     /Users/nieaowei/Downloads/apache-tomcat-8.5.55
06-Jun-2020 21:12:15.386 信息 [main] org.apache.catalina.startup.VersionLoggerListener.log CATALINA_HOME:     /Users/nieaowei/Downloads/apache-tomcat-8.5.55
06-Jun-2020 21:12:15.387 信息 [main] org.apache.catalina.startup.VersionLoggerListener.log 命令行参数：-Djava.util.logging.config.file=/Users/nieaowei/Downloads/apache-tomcat-8.5.55/conf/logging.properties
06-Jun-2020 21:12:15.387 信息 [main] org.apache.catalina.startup.VersionLoggerListener.log 命令行参数：-Djava.util.logging.manager=org.apache.juli.ClassLoaderLogManager
06-Jun-2020 21:12:15.387 信息 [main] org.apache.catalina.startup.VersionLoggerListener.log 命令行参数：-Djdk.tls.ephemeralDHKeySize=2048
06-Jun-2020 21:12:15.387 信息 [main] org.apache.catalina.startup.VersionLoggerListener.log 命令行参数：-Djava.protocol.handler.pkgs=org.apache.catalina.webresources
06-Jun-2020 21:12:15.387 信息 [main] org.apache.catalina.startup.VersionLoggerListener.log 命令行参数：-Dorg.apache.catalina.security.SecurityListener.UMASK=0027
06-Jun-2020 21:12:15.387 信息 [main] org.apache.catalina.startup.VersionLoggerListener.log 命令行参数：-Dignore.endorsed.dirs=
06-Jun-2020 21:12:15.387 信息 [main] org.apache.catalina.startup.VersionLoggerListener.log 命令行参数：-Dcatalina.base=/Users/nieaowei/Downloads/apache-tomcat-8.5.55
06-Jun-2020 21:12:15.387 信息 [main] org.apache.catalina.startup.VersionLoggerListener.log 命令行参数：-Dcatalina.home=/Users/nieaowei/Downloads/apache-tomcat-8.5.55
06-Jun-2020 21:12:15.387 信息 [main] org.apache.catalina.startup.VersionLoggerListener.log 命令行参数：-Djava.io.tmpdir=/Users/nieaowei/Downloads/apache-tomcat-8.5.55/temp
06-Jun-2020 21:12:15.387 信息 [main] org.apache.catalina.core.AprLifecycleListener.lifecycleEvent 在java.library.path:[/Users/nieaowei/Library/Java/Extensions:/Library/Java/Extensions:/Network/Library/Java/Extensions:/System/Library/Java/Extensions:/usr/lib/java:.]上找不到基于APR的Apache Tomcat本机库，该库允许在生产环境中获得最佳性能
06-Jun-2020 21:12:15.476 信息 [main] org.apache.coyote.AbstractProtocol.init 初始化协议处理器 ["http-nio-8080"]
06-Jun-2020 21:12:15.488 信息 [main] org.apache.tomcat.util.net.NioSelectorPool.getSharedSelector Using a shared selector for servlet write/read
06-Jun-2020 21:12:15.497 信息 [main] org.apache.catalina.startup.Catalina.load Initialization processed in 420 ms
06-Jun-2020 21:12:15.525 信息 [main] org.apache.catalina.core.StandardService.startInternal 正在启动服务[Catalina]
06-Jun-2020 21:12:15.525 信息 [main] org.apache.catalina.core.StandardEngine.startInternal Starting Servlet Engine: Apache Tomcat/8.5.55
06-Jun-2020 21:12:15.531 信息 [localhost-startStop-1] org.apache.catalina.startup.HostConfig.deployDirectory 把web 应用程序部署到目录 [/Users/nieaowei/Downloads/apache-tomcat-8.5.55/webapps/docs]
06-Jun-2020 21:12:15.697 信息 [localhost-startStop-1] org.apache.catalina.startup.HostConfig.deployDirectory Web应用程序目录[/Users/nieaowei/Downloads/apache-tomcat-8.5.55/webapps/docs]的部署已在[164]毫秒内完成
06-Jun-2020 21:12:15.698 信息 [localhost-startStop-1] org.apache.catalina.startup.HostConfig.deployDirectory 把web 应用程序部署到目录 [/Users/nieaowei/Downloads/apache-tomcat-8.5.55/webapps/manager]
06-Jun-2020 21:12:15.721 信息 [localhost-startStop-1] org.apache.catalina.startup.HostConfig.deployDirectory Web应用程序目录[/Users/nieaowei/Downloads/apache-tomcat-8.5.55/webapps/manager]的部署已在[23]毫秒内完成
06-Jun-2020 21:12:15.721 信息 [localhost-startStop-1] org.apache.catalina.startup.HostConfig.deployDirectory 把web 应用程序部署到目录 [/Users/nieaowei/Downloads/apache-tomcat-8.5.55/webapps/examples]
06-Jun-2020 21:12:15.902 信息 [localhost-startStop-1] org.apache.catalina.startup.HostConfig.deployDirectory Web应用程序目录[/Users/nieaowei/Downloads/apache-tomcat-8.5.55/webapps/examples]的部署已在[181]毫秒内完成
06-Jun-2020 21:12:15.902 信息 [localhost-startStop-1] org.apache.catalina.startup.HostConfig.deployDirectory 把web 应用程序部署到目录 [/Users/nieaowei/Downloads/apache-tomcat-8.5.55/webapps/ROOT]
06-Jun-2020 21:12:15.911 信息 [localhost-startStop-1] org.apache.catalina.startup.HostConfig.deployDirectory Web应用程序目录[/Users/nieaowei/Downloads/apache-tomcat-8.5.55/webapps/ROOT]的部署已在[9]毫秒内完成
06-Jun-2020 21:12:15.911 信息 [localhost-startStop-1] org.apache.catalina.startup.HostConfig.deployDirectory 把web 应用程序部署到目录 [/Users/nieaowei/Downloads/apache-tomcat-8.5.55/webapps/host-manager]
06-Jun-2020 21:12:15.923 信息 [localhost-startStop-1] org.apache.catalina.startup.HostConfig.deployDirectory Web应用程序目录[/Users/nieaowei/Downloads/apache-tomcat-8.5.55/webapps/host-manager]的部署已在[12]毫秒内完成
06-Jun-2020 21:12:15.925 信息 [main] org.apache.coyote.AbstractProtocol.start 开始协议处理句柄["http-nio-8080"]
06-Jun-2020 21:12:15.930 信息 [main] org.apache.catalina.startup.Catalina.start Server startup in 433 ms
06-Jun-2020 21:12:19.558 信息 [http-nio-8080-exec-1] org.apache.tomcat.util.http.parser.Cookie.logInvalidHeader 收到包含无效cookie的cookie头[1590999570,1591075163,1591209098; CNZZDATA1278744578=1160004713-1589450485-%7C1589707196; UM_distinctid=17212a8d9b5ba4-07a47d0ce1730b8-3f616e4b-1fa400-17212a8d9b6d62; Webstorm-ea23cae7=8bb65643-d2cb-4ca4-b530-bdb43e5d6852]。将忽略该cookie。␣注意：此错误的进一步出现将记录在调试级别。
06-Jun-2020 21:13:19.349 信息 [http-nio-8080-exec-9] org.apache.catalina.startup.HostConfig.deployWAR 正在部署web应用程序存档文件[/Users/nieaowei/Downloads/apache-tomcat-8.5.55/webapps/myproject-0.0.1-SNAPSHOT.war]
06-Jun-2020 21:13:20.863 信息 [http-nio-8080-exec-9] org.apache.jasper.servlet.TldScanner.scanJars 至少有一个JAR被扫描用于TLD但尚未包含TLD。 为此记录器启用调试日志记录，以获取已扫描但未在其中找到TLD的完整JAR列表。 在扫描期间跳过不需要的JAR可以缩短启动时间和JSP编译时间。
06-Jun-2020 21:13:23.338 信息 [http-nio-8080-exec-9] org.apache.catalina.startup.HostConfig.deployWAR web应用程序存档文件[/Users/nieaowei/Downloads/apache-tomcat-8.5.55/webapps/myproject-0.0.1-SNAPSHOT.war]的部署已在[3,990]ms内完成
Sat Jun 06 21:13:34 CST 2020 WARN: Establishing SSL connection without server's identity verification is not recommended. According to MySQL 5.5.45+, 5.6.26+ and 5.7.6+ requirements SSL connection must be established by default if explicit option isn't set. For compliance with existing applications not using SSL the verifyServerCertificate property is set to 'false'. You need either to explicitly disable SSL by setting useSSL=false, or set useSSL=true and provide truststore for server certificate verification.
Sat Jun 06 21:13:35 CST 2020 WARN: Establishing SSL connection without server's identity verification is not recommended. According to MySQL 5.5.45+, 5.6.26+ and 5.7.6+ requirements SSL connection must be established by default if explicit option isn't set. For compliance with existing applications not using SSL the verifyServerCertificate property is set to 'false'. You need either to explicitly disable SSL by setting useSSL=false, or set useSSL=true and provide truststore for server certificate verification.
Sat Jun 06 21:13:35 CST 2020 WARN: Establishing SSL connection without server's identity verification is not recommended. According to MySQL 5.5.45+, 5.6.26+ and 5.7.6+ requirements SSL connection must be established by default if explicit option isn't set. For compliance with existing applications not using SSL the verifyServerCertificate property is set to 'false'. You need either to explicitly disable SSL by setting useSSL=false, or set useSSL=true and provide truststore for server certificate verification.
Sat Jun 06 21:13:35 CST 2020 WARN: Establishing SSL connection without server's identity verification is not recommended. According to MySQL 5.5.45+, 5.6.26+ and 5.7.6+ requirements SSL connection must be established by default if explicit option isn't set. For compliance with existing applications not using SSL the verifyServerCertificate property is set to 'false'. You need either to explicitly disable SSL by setting useSSL=false, or set useSSL=true and provide truststore for server certificate verification.
Sat Jun 06 21:13:35 CST 2020 WARN: Establishing SSL connection without server's identity verification is not recommended. According to MySQL 5.5.45+, 5.6.26+ and 5.7.6+ requirements SSL connection must be established by default if explicit option isn't set. For compliance with existing applications not using SSL the verifyServerCertificate property is set to 'false'. You need either to explicitly disable SSL by setting useSSL=false, or set useSSL=true and provide truststore for server certificate verification.
Sat Jun 06 21:13:35 CST 2020 WARN: Establishing SSL connection without server's identity verification is not recommended. According to MySQL 5.5.45+, 5.6.26+ and 5.7.6+ requirements SSL connection must be established by default if explicit option isn't set. For compliance with existing applications not using SSL the verifyServerCertificate property is set to 'false'. You need either to explicitly disable SSL by setting useSSL=false, or set useSSL=true and provide truststore for server certificate verification.
nullnull
06-Jun-2020 21:20:58.670 信息 [main] org.apache.catalina.core.StandardServer.await 通过关闭端口接收到有效的关闭命令。正在停止服务器实例。
06-Jun-2020 21:20:58.673 信息 [main] org.apache.coyote.AbstractProtocol.pause 暂停ProtocolHandler["http-nio-8080"]
06-Jun-2020 21:20:58.685 信息 [main] org.apache.catalina.core.StandardService.stopInternal 正在停止服务[Catalina]
06-Jun-2020 21:20:58.754 警告 [localhost-startStop-2] org.apache.catalina.loader.WebappClassLoaderBase.clearReferencesJdbc Web应用程序 [myproject-0.0.1-SNAPSHOT] 注册了JDBC驱动程序 [com.mysql.jdbc.Driver]，但在Web应用程序停止时无法注销它。 为防止内存泄漏，JDBC驱动程序已被强制取消注册。
06-Jun-2020 21:20:58.756 警告 [localhost-startStop-2] org.apache.catalina.loader.WebappClassLoaderBase.clearReferencesThreads Web应用程序[myproject-0.0.1-SNAPSHOT]似乎启动了一个名为[Abandoned connection cleanup thread]的线程，但未能停止它。这很可能会造成内存泄漏。线程的堆栈跟踪：[
 java.lang.Object.wait(Native Method)
 java.lang.ref.ReferenceQueue.remove(ReferenceQueue.java:144)
 com.mysql.jdbc.AbandonedConnectionCleanupThread.run(AbandonedConnectionCleanupThread.java:43)]
06-Jun-2020 21:20:58.792 信息 [main] org.apache.coyote.AbstractProtocol.stop 正在停止ProtocolHandler ["http-nio-8080"]
06-Jun-2020 21:20:58.795 信息 [main] org.apache.coyote.AbstractProtocol.destroy 正在摧毁协议处理器 ["http-nio-8080"]
06-Jun-2020 21:35:14.989 信息 [main] org.apache.catalina.startup.VersionLoggerListener.log Server.服务器版本: Apache Tomcat/8.5.55
06-Jun-2020 21:35:14.992 信息 [main] org.apache.catalina.startup.VersionLoggerListener.log 服务器构建:        May 5 2020 22:10:54 UTC
06-Jun-2020 21:35:14.992 信息 [main] org.apache.catalina.startup.VersionLoggerListener.log 服务器版本号(:     8.5.55.0
06-Jun-2020 21:35:14.992 信息 [main] org.apache.catalina.startup.VersionLoggerListener.log 操作系统名称:      Mac OS X
06-Jun-2020 21:35:14.992 信息 [main] org.apache.catalina.startup.VersionLoggerListener.log OS.版本:           10.15.4
06-Jun-2020 21:35:14.992 信息 [main] org.apache.catalina.startup.VersionLoggerListener.log 架构:              x86_64
06-Jun-2020 21:35:14.992 信息 [main] org.apache.catalina.startup.VersionLoggerListener.log Java 环境变量:     /Library/Java/JavaVirtualMachines/jdk1.8.0_221.jdk/Contents/Home/jre
06-Jun-2020 21:35:14.992 信息 [main] org.apache.catalina.startup.VersionLoggerListener.log Java虚拟机版本:    1.8.0_221-b11
06-Jun-2020 21:35:14.992 信息 [main] org.apache.catalina.startup.VersionLoggerListener.log JVM.供应商:        Oracle Corporation
06-Jun-2020 21:35:14.992 信息 [main] org.apache.catalina.startup.VersionLoggerListener.log CATALINA_BASE:     /Users/nieaowei/Downloads/apache-tomcat-8.5.55
06-Jun-2020 21:35:14.992 信息 [main] org.apache.catalina.startup.VersionLoggerListener.log CATALINA_HOME:     /Users/nieaowei/Downloads/apache-tomcat-8.5.55
06-Jun-2020 21:35:14.993 信息 [main] org.apache.catalina.startup.VersionLoggerListener.log 命令行参数：-Djava.util.logging.config.file=/Users/nieaowei/Downloads/apache-tomcat-8.5.55/conf/logging.properties
06-Jun-2020 21:35:14.993 信息 [main] org.apache.catalina.startup.VersionLoggerListener.log 命令行参数：-Djava.util.logging.manager=org.apache.juli.ClassLoaderLogManager
06-Jun-2020 21:35:14.993 信息 [main] org.apache.catalina.startup.VersionLoggerListener.log 命令行参数：-Djdk.tls.ephemeralDHKeySize=2048
06-Jun-2020 21:35:14.993 信息 [main] org.apache.catalina.startup.VersionLoggerListener.log 命令行参数：-Djava.protocol.handler.pkgs=org.apache.catalina.webresources
06-Jun-2020 21:35:14.993 信息 [main] org.apache.catalina.startup.VersionLoggerListener.log 命令行参数：-Dorg.apache.catalina.security.SecurityListener.UMASK=0027
06-Jun-2020 21:35:14.993 信息 [main] org.apache.catalina.startup.VersionLoggerListener.log 命令行参数：-Dignore.endorsed.dirs=
06-Jun-2020 21:35:14.993 信息 [main] org.apache.catalina.startup.VersionLoggerListener.log 命令行参数：-Dcatalina.base=/Users/nieaowei/Downloads/apache-tomcat-8.5.55
06-Jun-2020 21:35:14.993 信息 [main] org.apache.catalina.startup.VersionLoggerListener.log 命令行参数：-Dcatalina.home=/Users/nieaowei/Downloads/apache-tomcat-8.5.55
06-Jun-2020 21:35:14.993 信息 [main] org.apache.catalina.startup.VersionLoggerListener.log 命令行参数：-Djava.io.tmpdir=/Users/nieaowei/Downloads/apache-tomcat-8.5.55/temp
06-Jun-2020 21:35:14.994 信息 [main] org.apache.catalina.core.AprLifecycleListener.lifecycleEvent 在java.library.path:[/Users/nieaowei/Library/Java/Extensions:/Library/Java/Extensions:/Network/Library/Java/Extensions:/System/Library/Java/Extensions:/usr/lib/java:.]上找不到基于APR的Apache Tomcat本机库，该库允许在生产环境中获得最佳性能
06-Jun-2020 21:35:15.093 信息 [main] org.apache.coyote.AbstractProtocol.init 初始化协议处理器 ["http-nio-8080"]
06-Jun-2020 21:35:15.109 信息 [main] org.apache.tomcat.util.net.NioSelectorPool.getSharedSelector Using a shared selector for servlet write/read
06-Jun-2020 21:35:15.119 信息 [main] org.apache.catalina.startup.Catalina.load Initialization processed in 491 ms
06-Jun-2020 21:35:15.151 信息 [main] org.apache.catalina.core.StandardService.startInternal 正在启动服务[Catalina]
06-Jun-2020 21:35:15.152 信息 [main] org.apache.catalina.core.StandardEngine.startInternal Starting Servlet Engine: Apache Tomcat/8.5.55
06-Jun-2020 21:35:15.169 信息 [localhost-startStop-1] org.apache.catalina.startup.HostConfig.deployWAR 正在部署web应用程序存档文件[/Users/nieaowei/Downloads/apache-tomcat-8.5.55/webapps/myproject-0.0.1-SNAPSHOT.war]
06-Jun-2020 21:35:16.869 信息 [localhost-startStop-1] org.apache.jasper.servlet.TldScanner.scanJars 至少有一个JAR被扫描用于TLD但尚未包含TLD。 为此记录器启用调试日志记录，以获取已扫描但未在其中找到TLD的完整JAR列表。 在扫描期间跳过不需要的JAR可以缩短启动时间和JSP编译时间。
06-Jun-2020 21:35:19.820 信息 [localhost-startStop-1] org.apache.catalina.startup.HostConfig.deployWAR web应用程序存档文件[/Users/nieaowei/Downloads/apache-tomcat-8.5.55/webapps/myproject-0.0.1-SNAPSHOT.war]的部署已在[4,649]ms内完成
06-Jun-2020 21:35:19.821 信息 [localhost-startStop-1] org.apache.catalina.startup.HostConfig.deployDirectory 把web 应用程序部署到目录 [/Users/nieaowei/Downloads/apache-tomcat-8.5.55/webapps/docs]
06-Jun-2020 21:35:19.835 信息 [localhost-startStop-1] org.apache.catalina.startup.HostConfig.deployDirectory Web应用程序目录[/Users/nieaowei/Downloads/apache-tomcat-8.5.55/webapps/docs]的部署已在[14]毫秒内完成
06-Jun-2020 21:35:19.835 信息 [localhost-startStop-1] org.apache.catalina.startup.HostConfig.deployDirectory 把web 应用程序部署到目录 [/Users/nieaowei/Downloads/apache-tomcat-8.5.55/webapps/manager]
06-Jun-2020 21:35:19.875 信息 [localhost-startStop-1] org.apache.catalina.startup.HostConfig.deployDirectory Web应用程序目录[/Users/nieaowei/Downloads/apache-tomcat-8.5.55/webapps/manager]的部署已在[40]毫秒内完成
06-Jun-2020 21:35:19.875 信息 [localhost-startStop-1] org.apache.catalina.startup.HostConfig.deployDirectory 把web 应用程序部署到目录 [/Users/nieaowei/Downloads/apache-tomcat-8.5.55/webapps/examples]
06-Jun-2020 21:35:20.098 信息 [localhost-startStop-1] org.apache.catalina.startup.HostConfig.deployDirectory Web应用程序目录[/Users/nieaowei/Downloads/apache-tomcat-8.5.55/webapps/examples]的部署已在[223]毫秒内完成
06-Jun-2020 21:35:20.098 信息 [localhost-startStop-1] org.apache.catalina.startup.HostConfig.deployDirectory 把web 应用程序部署到目录 [/Users/nieaowei/Downloads/apache-tomcat-8.5.55/webapps/ROOT]
06-Jun-2020 21:35:20.110 信息 [localhost-startStop-1] org.apache.catalina.startup.HostConfig.deployDirectory Web应用程序目录[/Users/nieaowei/Downloads/apache-tomcat-8.5.55/webapps/ROOT]的部署已在[12]毫秒内完成
06-Jun-2020 21:35:20.110 信息 [localhost-startStop-1] org.apache.catalina.startup.HostConfig.deployDirectory 把web 应用程序部署到目录 [/Users/nieaowei/Downloads/apache-tomcat-8.5.55/webapps/host-manager]
06-Jun-2020 21:35:20.123 信息 [localhost-startStop-1] org.apache.catalina.startup.HostConfig.deployDirectory Web应用程序目录[/Users/nieaowei/Downloads/apache-tomcat-8.5.55/webapps/host-manager]的部署已在[13]毫秒内完成
06-Jun-2020 21:35:20.126 信息 [main] org.apache.coyote.AbstractProtocol.start 开始协议处理句柄["http-nio-8080"]
06-Jun-2020 21:35:20.134 信息 [main] org.apache.catalina.startup.Catalina.start Server startup in 5014 ms
06-Jun-2020 21:35:22.528 信息 [http-nio-8080-exec-1] org.apache.tomcat.util.http.parser.Cookie.logInvalidHeader 收到包含无效cookie的cookie头[1590999570,1591075163,1591209098; CNZZDATA1278744578=1160004713-1589450485-%7C1589707196; UM_distinctid=17212a8d9b5ba4-07a47d0ce1730b8-3f616e4b-1fa400-17212a8d9b6d62; Webstorm-ea23cae7=8bb65643-d2cb-4ca4-b530-bdb43e5d6852]。将忽略该cookie。␣注意：此错误的进一步出现将记录在调试级别。
06-Jun-2020 21:35:41.890 信息 [http-nio-8080-exec-1] org.apache.jasper.servlet.TldScanner.scanJars 至少有一个JAR被扫描用于TLD但尚未包含TLD。 为此记录器启用调试日志记录，以获取已扫描但未在其中找到TLD的完整JAR列表。 在扫描期间跳过不需要的JAR可以缩短启动时间和JSP编译时间。
06-Jun-2020 21:36:28.579 信息 [http-nio-8080-exec-8] org.apache.catalina.startup.HostConfig.undeploy 正在取消部署上下文[/myproject-0.0.1-SNAPSHOT]
06-Jun-2020 21:37:18.329 信息 [http-nio-8080-exec-10] org.apache.catalina.startup.HostConfig.deployWAR 正在部署web应用程序存档文件[/Users/nieaowei/Downloads/apache-tomcat-8.5.55/webapps/myproject.war]
06-Jun-2020 21:37:19.718 信息 [http-nio-8080-exec-10] org.apache.jasper.servlet.TldScanner.scanJars 至少有一个JAR被扫描用于TLD但尚未包含TLD。 为此记录器启用调试日志记录，以获取已扫描但未在其中找到TLD的完整JAR列表。 在扫描期间跳过不需要的JAR可以缩短启动时间和JSP编译时间。
06-Jun-2020 21:37:21.789 信息 [http-nio-8080-exec-10] org.apache.catalina.startup.HostConfig.deployWAR web应用程序存档文件[/Users/nieaowei/Downloads/apache-tomcat-8.5.55/webapps/myproject.war]的部署已在[3,461]ms内完成
Sat Jun 06 21:37:24 CST 2020 WARN: Establishing SSL connection without server's identity verification is not recommended. According to MySQL 5.5.45+, 5.6.26+ and 5.7.6+ requirements SSL connection must be established by default if explicit option isn't set. For compliance with existing applications not using SSL the verifyServerCertificate property is set to 'false'. You need either to explicitly disable SSL by setting useSSL=false, or set useSSL=true and provide truststore for server certificate verification.
Sat Jun 06 21:37:25 CST 2020 WARN: Establishing SSL connection without server's identity verification is not recommended. According to MySQL 5.5.45+, 5.6.26+ and 5.7.6+ requirements SSL connection must be established by default if explicit option isn't set. For compliance with existing applications not using SSL the verifyServerCertificate property is set to 'false'. You need either to explicitly disable SSL by setting useSSL=false, or set useSSL=true and provide truststore for server certificate verification.
Sat Jun 06 21:37:25 CST 2020 WARN: Establishing SSL connection without server's identity verification is not recommended. According to MySQL 5.5.45+, 5.6.26+ and 5.7.6+ requirements SSL connection must be established by default if explicit option isn't set. For compliance with existing applications not using SSL the verifyServerCertificate property is set to 'false'. You need either to explicitly disable SSL by setting useSSL=false, or set useSSL=true and provide truststore for server certificate verification.
Sat Jun 06 21:37:25 CST 2020 WARN: Establishing SSL connection without server's identity verification is not recommended. According to MySQL 5.5.45+, 5.6.26+ and 5.7.6+ requirements SSL connection must be established by default if explicit option isn't set. For compliance with existing applications not using SSL the verifyServerCertificate property is set to 'false'. You need either to explicitly disable SSL by setting useSSL=false, or set useSSL=true and provide truststore for server certificate verification.
Sat Jun 06 21:37:25 CST 2020 WARN: Establishing SSL connection without server's identity verification is not recommended. According to MySQL 5.5.45+, 5.6.26+ and 5.7.6+ requirements SSL connection must be established by default if explicit option isn't set. For compliance with existing applications not using SSL the verifyServerCertificate property is set to 'false'. You need either to explicitly disable SSL by setting useSSL=false, or set useSSL=true and provide truststore for server certificate verification.
Sat Jun 06 21:37:25 CST 2020 WARN: Establishing SSL connection without server's identity verification is not recommended. According to MySQL 5.5.45+, 5.6.26+ and 5.7.6+ requirements SSL connection must be established by default if explicit option isn't set. For compliance with existing applications not using SSL the verifyServerCertificate property is set to 'false'. You need either to explicitly disable SSL by setting useSSL=false, or set useSSL=true and provide truststore for server certificate verification.
nullnull
nullnull
nieaoweinieaowei
nieaoweinieaowei
liujunminliujunmin
nieaoweinieaowei
liujunminliujunmin
[]
nieaoweinieaowei
liujunminliujunmin
[]
[{"birthday":"2020-06-06","createby":"liujunmin","shenfen":"birthday"},{"birthday":"2020-06-06","createby":"liujunmin","shenfen":"birthday"}]
liujunminliujunmin
[{"birthday":"2020-06-06","createby":"liujunmin","shenfen":"birthday"},{"birthday":"2020-06-06","createby":"liujunmin","shenfen":"birthday"}]
[{"birthday":"2020-06-06","createby":"liujunmin","shenfen":"birthday"},{"birthday":"2020-06-06","createby":"liujunmin","shenfen":"birthday"}]
[{"birthday":"2020-06-06","createby":"liujunmin","shenfen":"birthday"},{"birthday":"2020-06-06","createby":"liujunmin","shenfen":"birthday"}]
[{"birthday":"2020-06-06","createby":"liujunmin","shenfen":"birthday"},{"birthday":"2020-06-06","createby":"liujunmin","shenfen":"birthday"}]
[{"birthday":"2020-06-06","createby":"liujunmin","shenfen":"birthday"},{"birthday":"2020-06-06","createby":"liujunmin","shenfen":"birthday"}]
[{"birthday":"2020-06-06","createby":"liujunmin","shenfen":"birthday"},{"birthday":"2020-06-06","createby":"liujunmin","shenfen":"birthday"}]
[{"birthday":"2020-06-06","createby":"liujunmin","shenfen":"birthday"},{"birthday":"2020-06-06","createby":"liujunmin","shenfen":"birthday"}]
[{"birthday":"2020-06-06","createby":"liujunmin","shenfen":"birthday"},{"birthday":"2020-06-06","createby":"liujunmin","shenfen":"birthday"}]
[{"birthday":"2020-06-06","createby":"liujunmin","shenfen":"birthday"},{"birthday":"2020-06-06","createby":"liujunmin","shenfen":"birthday"}]
[{"birthday":"2020-06-06","createby":"liujunmin","shenfen":"birthday"},{"birthday":"2020-06-06","createby":"liujunmin","shenfen":"birthday"}]
[{"birthday":"2020-06-06","createby":"liujunmin","shenfen":"birthday"},{"birthday":"2020-06-06","createby":"liujunmin","shenfen":"birthday"}]
[{"birthday":"2020-06-06","createby":"liujunmin","shenfen":"birthday"},{"birthday":"2020-06-06","createby":"liujunmin","shenfen":"birthday"}]
[{"birthday":"2020-06-06","createby":"liujunmin","shenfen":"birthday"},{"birthday":"2020-06-06","createby":"liujunmin","shenfen":"birthday"}]
[{"birthday":"2020-06-06","createby":"liujunmin","shenfen":"birthday"},{"birthday":"2020-06-06","createby":"liujunmin","shenfen":"birthday"}]
[{"birthday":"2020-06-06","createby":"liujunmin","shenfen":"birthday"},{"birthday":"2020-06-06","createby":"liujunmin","shenfen":"birthday"}]
[{"birthday":"2020-06-06","createby":"liujunmin","shenfen":"birthday"},{"birthday":"2020-06-06","createby":"liujunmin","shenfen":"birthday"}]
[{"birthday":"2020-06-06","createby":"liujunmin","shenfen":"birthday"},{"birthday":"2020-06-06","createby":"liujunmin","shenfen":"birthday"}]
06-Jun-2020 22:19:32.993 信息 [ContainerBackgroundProcessor[StandardEngine[Catalina]]] org.apache.catalina.startup.HostConfig.undeploy 正在取消部署上下文[/manager]
06-Jun-2020 22:19:33.080 信息 [localhost-startStop-2] org.apache.catalina.startup.HostConfig.deployDescriptor 正在部署部署描述符[/Users/nieaowei/Downloads/apache-tomcat-8.5.55/conf/Catalina/localhost/manager.xml]。
06-Jun-2020 22:19:33.112 严重 [localhost-startStop-2] org.apache.tomcat.util.digester.Digester.fatalError Parse Fatal Error at line 5 column 1: 尾随节中不允许有内容。
	org.xml.sax.SAXParseException; lineNumber: 5; columnNumber: 1; 尾随节中不允许有内容。
		at com.sun.org.apache.xerces.internal.util.ErrorHandlerWrapper.createSAXParseException(ErrorHandlerWrapper.java:203)
		at com.sun.org.apache.xerces.internal.util.ErrorHandlerWrapper.fatalError(ErrorHandlerWrapper.java:177)
		at com.sun.org.apache.xerces.internal.impl.XMLErrorReporter.reportError(XMLErrorReporter.java:400)
		at com.sun.org.apache.xerces.internal.impl.XMLErrorReporter.reportError(XMLErrorReporter.java:327)
		at com.sun.org.apache.xerces.internal.impl.XMLScanner.reportFatalError(XMLScanner.java:1472)
		at com.sun.org.apache.xerces.internal.impl.XMLDocumentScannerImpl$TrailingMiscDriver.next(XMLDocumentScannerImpl.java:1431)
		at com.sun.org.apache.xerces.internal.impl.XMLDocumentScannerImpl.next(XMLDocumentScannerImpl.java:602)
		at com.sun.org.apache.xerces.internal.impl.XMLDocumentFragmentScannerImpl.scanDocument(XMLDocumentFragmentScannerImpl.java:505)
		at com.sun.org.apache.xerces.internal.parsers.XML11Configuration.parse(XML11Configuration.java:842)
		at com.sun.org.apache.xerces.internal.parsers.XML11Configuration.parse(XML11Configuration.java:771)
		at com.sun.org.apache.xerces.internal.parsers.XMLParser.parse(XMLParser.java:141)
		at com.sun.org.apache.xerces.internal.parsers.AbstractSAXParser.parse(AbstractSAXParser.java:1213)
		at com.sun.org.apache.xerces.internal.jaxp.SAXParserImpl$JAXPSAXParser.parse(SAXParserImpl.java:643)
		at org.apache.tomcat.util.digester.Digester.parse(Digester.java:1529)
		at org.apache.catalina.startup.HostConfig.deployDescriptor(HostConfig.java:567)
		at org.apache.catalina.startup.HostConfig$DeployDescriptor.run(HostConfig.java:1822)
		at java.util.concurrent.Executors$RunnableAdapter.call(Executors.java:511)
		at java.util.concurrent.FutureTask.run(FutureTask.java:266)
		at java.util.concurrent.ThreadPoolExecutor.runWorker(ThreadPoolExecutor.java:1149)
		at java.util.concurrent.ThreadPoolExecutor$Worker.run(ThreadPoolExecutor.java:624)
		at java.lang.Thread.run(Thread.java:748)
06-Jun-2020 22:19:33.117 严重 [localhost-startStop-2] org.apache.catalina.startup.HostConfig.deployDescriptor 部署描述符[/Users/nieaowei/Downloads/apache-tomcat-8.5.55/conf/Catalina/localhost/manager.xml]时出错
	org.xml.sax.SAXParseException; lineNumber: 5; columnNumber: 1; 尾随节中不允许有内容。
		at com.sun.org.apache.xerces.internal.parsers.AbstractSAXParser.parse(AbstractSAXParser.java:1239)
		at com.sun.org.apache.xerces.internal.jaxp.SAXParserImpl$JAXPSAXParser.parse(SAXParserImpl.java:643)
		at org.apache.tomcat.util.digester.Digester.parse(Digester.java:1529)
		at org.apache.catalina.startup.HostConfig.deployDescriptor(HostConfig.java:567)
		at org.apache.catalina.startup.HostConfig$DeployDescriptor.run(HostConfig.java:1822)
		at java.util.concurrent.Executors$RunnableAdapter.call(Executors.java:511)
		at java.util.concurrent.FutureTask.run(FutureTask.java:266)
		at java.util.concurrent.ThreadPoolExecutor.runWorker(ThreadPoolExecutor.java:1149)
		at java.util.concurrent.ThreadPoolExecutor$Worker.run(ThreadPoolExecutor.java:624)
		at java.lang.Thread.run(Thread.java:748)
06-Jun-2020 22:19:33.142 警告 [localhost-startStop-2] org.apache.catalina.startup.SetContextPropertiesRule.begin [SetContextPropertiesRule]{Context} Setting property 'antiResourceLocking' to 'false' did not find a matching property.
06-Jun-2020 22:19:33.145 严重 [localhost-startStop-2] org.apache.tomcat.util.digester.Digester.fatalError Parse Fatal Error at line 5 column 1: 尾随节中不允许有内容。
	org.xml.sax.SAXParseException; systemId: file:/Users/nieaowei/Downloads/apache-tomcat-8.5.55/conf/Catalina/localhost/manager.xml; lineNumber: 5; columnNumber: 1; 尾随节中不允许有内容。
		at com.sun.org.apache.xerces.internal.util.ErrorHandlerWrapper.createSAXParseException(ErrorHandlerWrapper.java:203)
		at com.sun.org.apache.xerces.internal.util.ErrorHandlerWrapper.fatalError(ErrorHandlerWrapper.java:177)
		at com.sun.org.apache.xerces.internal.impl.XMLErrorReporter.reportError(XMLErrorReporter.java:400)
		at com.sun.org.apache.xerces.internal.impl.XMLErrorReporter.reportError(XMLErrorReporter.java:327)
		at com.sun.org.apache.xerces.internal.impl.XMLScanner.reportFatalError(XMLScanner.java:1472)
		at com.sun.org.apache.xerces.internal.impl.XMLDocumentScannerImpl$TrailingMiscDriver.next(XMLDocumentScannerImpl.java:1431)
		at com.sun.org.apache.xerces.internal.impl.XMLDocumentScannerImpl.next(XMLDocumentScannerImpl.java:602)
		at com.sun.org.apache.xerces.internal.impl.XMLDocumentFragmentScannerImpl.scanDocument(XMLDocumentFragmentScannerImpl.java:505)
		at com.sun.org.apache.xerces.internal.parsers.XML11Configuration.parse(XML11Configuration.java:842)
		at com.sun.org.apache.xerces.internal.parsers.XML11Configuration.parse(XML11Configuration.java:771)
		at com.sun.org.apache.xerces.internal.parsers.XMLParser.parse(XMLParser.java:141)
		at com.sun.org.apache.xerces.internal.parsers.AbstractSAXParser.parse(AbstractSAXParser.java:1213)
		at com.sun.org.apache.xerces.internal.jaxp.SAXParserImpl$JAXPSAXParser.parse(SAXParserImpl.java:643)
		at org.apache.tomcat.util.digester.Digester.parse(Digester.java:1512)
		at org.apache.catalina.startup.ContextConfig.processContextConfig(ContextConfig.java:531)
		at org.apache.catalina.startup.ContextConfig.contextConfig(ContextConfig.java:488)
		at org.apache.catalina.startup.ContextConfig.init(ContextConfig.java:739)
		at org.apache.catalina.startup.ContextConfig.lifecycleEvent(ContextConfig.java:310)
		at org.apache.catalina.util.LifecycleBase.fireLifecycleEvent(LifecycleBase.java:123)
		at org.apache.catalina.util.LifecycleBase.setStateInternal(LifecycleBase.java:423)
		at org.apache.catalina.util.LifecycleBase.init(LifecycleBase.java:137)
		at org.apache.catalina.util.LifecycleBase.start(LifecycleBase.java:173)
		at org.apache.catalina.core.ContainerBase.addChildInternal(ContainerBase.java:743)
		at org.apache.catalina.core.ContainerBase.addChild(ContainerBase.java:719)
		at org.apache.catalina.core.StandardHost.addChild(StandardHost.java:705)
		at org.apache.catalina.startup.HostConfig.deployDescriptor(HostConfig.java:614)
		at org.apache.catalina.startup.HostConfig$DeployDescriptor.run(HostConfig.java:1822)
		at java.util.concurrent.Executors$RunnableAdapter.call(Executors.java:511)
		at java.util.concurrent.FutureTask.run(FutureTask.java:266)
		at java.util.concurrent.ThreadPoolExecutor.runWorker(ThreadPoolExecutor.java:1149)
		at java.util.concurrent.ThreadPoolExecutor$Worker.run(ThreadPoolExecutor.java:624)
		at java.lang.Thread.run(Thread.java:748)
06-Jun-2020 22:19:33.147 严重 [localhost-startStop-2] org.apache.catalina.startup.ContextConfig.processContextConfig 解析context.xml错误，[/manager]
	org.xml.sax.SAXParseException; systemId: file:/Users/nieaowei/Downloads/apache-tomcat-8.5.55/conf/Catalina/localhost/manager.xml; lineNumber: 5; columnNumber: 1; 尾随节中不允许有内容。
		at com.sun.org.apache.xerces.internal.util.ErrorHandlerWrapper.createSAXParseException(ErrorHandlerWrapper.java:203)
		at com.sun.org.apache.xerces.internal.util.ErrorHandlerWrapper.fatalError(ErrorHandlerWrapper.java:177)
		at com.sun.org.apache.xerces.internal.impl.XMLErrorReporter.reportError(XMLErrorReporter.java:400)
		at com.sun.org.apache.xerces.internal.impl.XMLErrorReporter.reportError(XMLErrorReporter.java:327)
		at com.sun.org.apache.xerces.internal.impl.XMLScanner.reportFatalError(XMLScanner.java:1472)
		at com.sun.org.apache.xerces.internal.impl.XMLDocumentScannerImpl$TrailingMiscDriver.next(XMLDocumentScannerImpl.java:1431)
		at com.sun.org.apache.xerces.internal.impl.XMLDocumentScannerImpl.next(XMLDocumentScannerImpl.java:602)
		at com.sun.org.apache.xerces.internal.impl.XMLDocumentFragmentScannerImpl.scanDocument(XMLDocumentFragmentScannerImpl.java:505)
		at com.sun.org.apache.xerces.internal.parsers.XML11Configuration.parse(XML11Configuration.java:842)
		at com.sun.org.apache.xerces.internal.parsers.XML11Configuration.parse(XML11Configuration.java:771)
		at com.sun.org.apache.xerces.internal.parsers.XMLParser.parse(XMLParser.java:141)
		at com.sun.org.apache.xerces.internal.parsers.AbstractSAXParser.parse(AbstractSAXParser.java:1213)
		at com.sun.org.apache.xerces.internal.jaxp.SAXParserImpl$JAXPSAXParser.parse(SAXParserImpl.java:643)
		at org.apache.tomcat.util.digester.Digester.parse(Digester.java:1512)
		at org.apache.catalina.startup.ContextConfig.processContextConfig(ContextConfig.java:531)
		at org.apache.catalina.startup.ContextConfig.contextConfig(ContextConfig.java:488)
		at org.apache.catalina.startup.ContextConfig.init(ContextConfig.java:739)
		at org.apache.catalina.startup.ContextConfig.lifecycleEvent(ContextConfig.java:310)
		at org.apache.catalina.util.LifecycleBase.fireLifecycleEvent(LifecycleBase.java:123)
		at org.apache.catalina.util.LifecycleBase.setStateInternal(LifecycleBase.java:423)
		at org.apache.catalina.util.LifecycleBase.init(LifecycleBase.java:137)
		at org.apache.catalina.util.LifecycleBase.start(LifecycleBase.java:173)
		at org.apache.catalina.core.ContainerBase.addChildInternal(ContainerBase.java:743)
		at org.apache.catalina.core.ContainerBase.addChild(ContainerBase.java:719)
		at org.apache.catalina.core.StandardHost.addChild(StandardHost.java:705)
		at org.apache.catalina.startup.HostConfig.deployDescriptor(HostConfig.java:614)
		at org.apache.catalina.startup.HostConfig$DeployDescriptor.run(HostConfig.java:1822)
		at java.util.concurrent.Executors$RunnableAdapter.call(Executors.java:511)
		at java.util.concurrent.FutureTask.run(FutureTask.java:266)
		at java.util.concurrent.ThreadPoolExecutor.runWorker(ThreadPoolExecutor.java:1149)
		at java.util.concurrent.ThreadPoolExecutor$Worker.run(ThreadPoolExecutor.java:624)
		at java.lang.Thread.run(Thread.java:748)
06-Jun-2020 22:19:33.148 严重 [localhost-startStop-2] org.apache.catalina.startup.ContextConfig.processContextConfig 发生在 [5] 行 [1] 列
06-Jun-2020 22:19:33.149 严重 [localhost-startStop-2] org.apache.catalina.core.ContainerBase.addChildInternal ContainerBase.addChild: start: 
	org.apache.catalina.LifecycleException: 无法处理全局，每个主机或特定于上下文的context.xml文件，因此无法启动[/manager]上下文。
		at org.apache.catalina.startup.FailedContext.startInternal(FailedContext.java:199)
		at org.apache.catalina.util.LifecycleBase.start(LifecycleBase.java:183)
		at org.apache.catalina.core.ContainerBase.addChildInternal(ContainerBase.java:743)
		at org.apache.catalina.core.ContainerBase.addChild(ContainerBase.java:719)
		at org.apache.catalina.core.StandardHost.addChild(StandardHost.java:705)
		at org.apache.catalina.startup.HostConfig.deployDescriptor(HostConfig.java:614)
		at org.apache.catalina.startup.HostConfig$DeployDescriptor.run(HostConfig.java:1822)
		at java.util.concurrent.Executors$RunnableAdapter.call(Executors.java:511)
		at java.util.concurrent.FutureTask.run(FutureTask.java:266)
		at java.util.concurrent.ThreadPoolExecutor.runWorker(ThreadPoolExecutor.java:1149)
		at java.util.concurrent.ThreadPoolExecutor$Worker.run(ThreadPoolExecutor.java:624)
		at java.lang.Thread.run(Thread.java:748)
06-Jun-2020 22:19:33.150 严重 [localhost-startStop-2] org.apache.catalina.startup.HostConfig.deployDescriptor 部署描述符[/Users/nieaowei/Downloads/apache-tomcat-8.5.55/conf/Catalina/localhost/manager.xml]时出错
	java.lang.IllegalStateException: ContainerBase.addChild: start: org.apache.catalina.LifecycleException: 无法处理全局，每个主机或特定于上下文的context.xml文件，因此无法启动[/manager]上下文。
		at org.apache.catalina.core.ContainerBase.addChildInternal(ContainerBase.java:747)
		at org.apache.catalina.core.ContainerBase.addChild(ContainerBase.java:719)
		at org.apache.catalina.core.StandardHost.addChild(StandardHost.java:705)
		at org.apache.catalina.startup.HostConfig.deployDescriptor(HostConfig.java:614)
		at org.apache.catalina.startup.HostConfig$DeployDescriptor.run(HostConfig.java:1822)
		at java.util.concurrent.Executors$RunnableAdapter.call(Executors.java:511)
		at java.util.concurrent.FutureTask.run(FutureTask.java:266)
		at java.util.concurrent.ThreadPoolExecutor.runWorker(ThreadPoolExecutor.java:1149)
		at java.util.concurrent.ThreadPoolExecutor$Worker.run(ThreadPoolExecutor.java:624)
		at java.lang.Thread.run(Thread.java:748)
06-Jun-2020 22:19:33.150 信息 [localhost-startStop-2] org.apache.catalina.startup.HostConfig.deployDescriptor 部署描述符[/Users/nieaowei/Downloads/apache-tomcat-8.5.55/conf/Catalina/localhost/manager.xml]的部署已在[72]ms内完成
06-Jun-2020 22:19:43.156 信息 [ContainerBackgroundProcessor[StandardEngine[Catalina]]] org.apache.catalina.startup.HostConfig.undeploy 正在取消部署上下文[/manager]
06-Jun-2020 22:19:43.159 信息 [localhost-startStop-3] org.apache.catalina.startup.HostConfig.deployDescriptor 正在部署部署描述符[/Users/nieaowei/Downloads/apache-tomcat-8.5.55/conf/Catalina/localhost/manager.xml]。
06-Jun-2020 22:19:43.162 警告 [localhost-startStop-3] org.apache.catalina.startup.HostConfig.deployDescriptor (:在主机appBase 中指定了docBase [/Users/nieaowei/Downloads/apache-tomcat-8.5.55/webapps/manager]，将被忽略
06-Jun-2020 22:19:43.207 信息 [localhost-startStop-3] org.apache.catalina.startup.HostConfig.deployDescriptor 部署描述符[/Users/nieaowei/Downloads/apache-tomcat-8.5.55/conf/Catalina/localhost/manager.xml]的部署已在[48]ms内完成
06-Jun-2020 22:21:33.778 信息 [ContainerBackgroundProcessor[StandardEngine[Catalina]]] org.apache.catalina.startup.HostConfig.undeploy 正在取消部署上下文[/manager]
06-Jun-2020 22:21:33.808 信息 [localhost-startStop-4] org.apache.catalina.startup.HostConfig.deployDirectory 把web 应用程序部署到目录 [/Users/nieaowei/Downloads/apache-tomcat-8.5.55/webapps/manager]
06-Jun-2020 22:21:33.865 信息 [localhost-startStop-4] org.apache.catalina.startup.HostConfig.deployDirectory Web应用程序目录[/Users/nieaowei/Downloads/apache-tomcat-8.5.55/webapps/manager]的部署已在[57]毫秒内完成
