06-Jun-2020 21:07:57.272 信息 [localhost-startStop-1] org.apache.catalina.core.ApplicationContext.log ContextListener: contextInitialized()
06-Jun-2020 21:07:57.272 信息 [localhost-startStop-1] org.apache.catalina.core.ApplicationContext.log SessionListener: contextInitialized()
06-Jun-2020 21:07:57.273 信息 [localhost-startStop-1] org.apache.catalina.core.ApplicationContext.log ContextListener: attributeAdded('StockTicker', 'async.Stockticker@2841d918')
06-Jun-2020 21:12:13.268 信息 [localhost-startStop-2] org.apache.catalina.core.ApplicationContext.log SessionListener: contextDestroyed()
06-Jun-2020 21:12:13.268 信息 [localhost-startStop-2] org.apache.catalina.core.ApplicationContext.log ContextListener: contextDestroyed()
06-Jun-2020 21:12:15.898 信息 [localhost-startStop-1] org.apache.catalina.core.ApplicationContext.log ContextListener: contextInitialized()
06-Jun-2020 21:12:15.898 信息 [localhost-startStop-1] org.apache.catalina.core.ApplicationContext.log SessionListener: contextInitialized()
06-Jun-2020 21:12:15.899 信息 [localhost-startStop-1] org.apache.catalina.core.ApplicationContext.log ContextListener: attributeAdded('StockTicker', 'async.Stockticker@7f9419dd')
06-Jun-2020 21:13:20.867 信息 [http-nio-8080-exec-9] org.apache.catalina.core.ApplicationContext.log No Spring WebApplicationInitializer types detected on classpath
06-Jun-2020 21:13:20.923 信息 [http-nio-8080-exec-9] org.apache.catalina.core.ApplicationContext.log Initializing Spring root WebApplicationContext
06-Jun-2020 21:13:22.228 信息 [http-nio-8080-exec-9] org.apache.catalina.core.ApplicationContext.log Initializing Spring FrameworkServlet 'crm'
06-Jun-2020 21:13:35.678 严重 [http-nio-8080-exec-10] org.apache.catalina.core.StandardWrapperValve.invoke 在路径为/myproject-0.0.1-SNAPSHOT的上下文中，Servlet[crm]的Servlet.service（）引发了具有根本原因的异常Request processing failed; nested exception is org.springframework.jdbc.BadSqlGrammarException: 
### Error querying database.  Cause: com.mysql.jdbc.exceptions.jdbc4.MySQLSyntaxErrorException: Table 'ssmtest.food' doesn't exist
### The error may exist in cn/lt/core/dao/FoodDao.xml
### The error may involve defaultParameterMap
### The error occurred while setting parameters
### SQL: select *      from food
### Cause: com.mysql.jdbc.exceptions.jdbc4.MySQLSyntaxErrorException: Table 'ssmtest.food' doesn't exist
; bad SQL grammar []; nested exception is com.mysql.jdbc.exceptions.jdbc4.MySQLSyntaxErrorException: Table 'ssmtest.food' doesn't exist
	com.mysql.jdbc.exceptions.jdbc4.MySQLSyntaxErrorException: Table 'ssmtest.food' doesn't exist
		at sun.reflect.NativeConstructorAccessorImpl.newInstance0(Native Method)
		at sun.reflect.NativeConstructorAccessorImpl.newInstance(NativeConstructorAccessorImpl.java:62)
		at sun.reflect.DelegatingConstructorAccessorImpl.newInstance(DelegatingConstructorAccessorImpl.java:45)
		at java.lang.reflect.Constructor.newInstance(Constructor.java:423)
		at com.mysql.jdbc.Util.handleNewInstance(Util.java:425)
		at com.mysql.jdbc.Util.getInstance(Util.java:408)
		at com.mysql.jdbc.SQLError.createSQLException(SQLError.java:943)
		at com.mysql.jdbc.MysqlIO.checkErrorPacket(MysqlIO.java:3970)
		at com.mysql.jdbc.MysqlIO.checkErrorPacket(MysqlIO.java:3906)
		at com.mysql.jdbc.MysqlIO.sendCommand(MysqlIO.java:2524)
		at com.mysql.jdbc.MysqlIO.sqlQueryDirect(MysqlIO.java:2677)
		at com.mysql.jdbc.ConnectionImpl.execSQL(ConnectionImpl.java:2549)
		at com.mysql.jdbc.PreparedStatement.executeInternal(PreparedStatement.java:1861)
		at com.mysql.jdbc.PreparedStatement.execute(PreparedStatement.java:1192)
		at org.apache.commons.dbcp2.DelegatingPreparedStatement.execute(DelegatingPreparedStatement.java:198)
		at org.apache.commons.dbcp2.DelegatingPreparedStatement.execute(DelegatingPreparedStatement.java:198)
		at org.apache.ibatis.executor.statement.PreparedStatementHandler.query(PreparedStatementHandler.java:63)
		at org.apache.ibatis.executor.statement.RoutingStatementHandler.query(RoutingStatementHandler.java:79)
		at org.apache.ibatis.executor.SimpleExecutor.doQuery(SimpleExecutor.java:63)
		at org.apache.ibatis.executor.BaseExecutor.queryFromDatabase(BaseExecutor.java:324)
		at org.apache.ibatis.executor.BaseExecutor.query(BaseExecutor.java:156)
		at org.apache.ibatis.executor.CachingExecutor.query(CachingExecutor.java:109)
		at org.apache.ibatis.executor.CachingExecutor.query(CachingExecutor.java:83)
		at org.apache.ibatis.session.defaults.DefaultSqlSession.selectList(DefaultSqlSession.java:148)
		at org.apache.ibatis.session.defaults.DefaultSqlSession.selectList(DefaultSqlSession.java:141)
		at sun.reflect.NativeMethodAccessorImpl.invoke0(Native Method)
		at sun.reflect.NativeMethodAccessorImpl.invoke(NativeMethodAccessorImpl.java:62)
		at sun.reflect.DelegatingMethodAccessorImpl.invoke(DelegatingMethodAccessorImpl.java:43)
		at java.lang.reflect.Method.invoke(Method.java:498)
		at org.mybatis.spring.SqlSessionTemplate$SqlSessionInterceptor.invoke(SqlSessionTemplate.java:433)
		at com.sun.proxy.$Proxy18.selectList(Unknown Source)
		at org.mybatis.spring.SqlSessionTemplate.selectList(SqlSessionTemplate.java:230)
		at org.apache.ibatis.binding.MapperMethod.executeForMany(MapperMethod.java:137)
		at org.apache.ibatis.binding.MapperMethod.execute(MapperMethod.java:75)
		at org.apache.ibatis.binding.MapperProxy.invoke(MapperProxy.java:59)
		at com.sun.proxy.$Proxy19.findAllFood(Unknown Source)
		at cn.lt.core.service.impl.FoodServiceImpl.findAllFood(FoodServiceImpl.java:28)
		at sun.reflect.NativeMethodAccessorImpl.invoke0(Native Method)
		at sun.reflect.NativeMethodAccessorImpl.invoke(NativeMethodAccessorImpl.java:62)
		at sun.reflect.DelegatingMethodAccessorImpl.invoke(DelegatingMethodAccessorImpl.java:43)
		at java.lang.reflect.Method.invoke(Method.java:498)
		at org.springframework.aop.support.AopUtils.invokeJoinpointUsingReflection(AopUtils.java:333)
		at org.springframework.aop.framework.ReflectiveMethodInvocation.invokeJoinpoint(ReflectiveMethodInvocation.java:190)
		at org.springframework.aop.framework.ReflectiveMethodInvocation.proceed(ReflectiveMethodInvocation.java:157)
		at org.springframework.transaction.interceptor.TransactionInterceptor$1.proceedWithInvocation(TransactionInterceptor.java:99)
		at org.springframework.transaction.interceptor.TransactionAspectSupport.invokeWithinTransaction(TransactionAspectSupport.java:282)
		at org.springframework.transaction.interceptor.TransactionInterceptor.invoke(TransactionInterceptor.java:96)
		at org.springframework.aop.framework.ReflectiveMethodInvocation.proceed(ReflectiveMethodInvocation.java:179)
		at org.springframework.aop.interceptor.ExposeInvocationInterceptor.invoke(ExposeInvocationInterceptor.java:92)
		at org.springframework.aop.framework.ReflectiveMethodInvocation.proceed(ReflectiveMethodInvocation.java:179)
		at org.springframework.aop.framework.JdkDynamicAopProxy.invoke(JdkDynamicAopProxy.java:213)
		at com.sun.proxy.$Proxy23.findAllFood(Unknown Source)
		at cn.lt.core.web.controller.FoodController.index(FoodController.java:33)
		at sun.reflect.NativeMethodAccessorImpl.invoke0(Native Method)
		at sun.reflect.NativeMethodAccessorImpl.invoke(NativeMethodAccessorImpl.java:62)
		at sun.reflect.DelegatingMethodAccessorImpl.invoke(DelegatingMethodAccessorImpl.java:43)
		at java.lang.reflect.Method.invoke(Method.java:498)
		at org.springframework.web.method.support.InvocableHandlerMethod.doInvoke(InvocableHandlerMethod.java:205)
		at org.springframework.web.method.support.InvocableHandlerMethod.invokeForRequest(InvocableHandlerMethod.java:133)
		at org.springframework.web.servlet.mvc.method.annotation.ServletInvocableHandlerMethod.invokeAndHandle(ServletInvocableHandlerMethod.java:116)
		at org.springframework.web.servlet.mvc.method.annotation.RequestMappingHandlerAdapter.invokeHandlerMethod(RequestMappingHandlerAdapter.java:827)
		at org.springframework.web.servlet.mvc.method.annotation.RequestMappingHandlerAdapter.handleInternal(RequestMappingHandlerAdapter.java:738)
		at org.springframework.web.servlet.mvc.method.AbstractHandlerMethodAdapter.handle(AbstractHandlerMethodAdapter.java:85)
		at org.springframework.web.servlet.DispatcherServlet.doDispatch(DispatcherServlet.java:963)
		at org.springframework.web.servlet.DispatcherServlet.doService(DispatcherServlet.java:897)
		at org.springframework.web.servlet.FrameworkServlet.processRequest(FrameworkServlet.java:970)
		at org.springframework.web.servlet.FrameworkServlet.doGet(FrameworkServlet.java:861)
		at javax.servlet.http.HttpServlet.service(HttpServlet.java:634)
		at org.springframework.web.servlet.FrameworkServlet.service(FrameworkServlet.java:846)
		at javax.servlet.http.HttpServlet.service(HttpServlet.java:741)
		at org.apache.catalina.core.ApplicationFilterChain.internalDoFilter(ApplicationFilterChain.java:231)
		at org.apache.catalina.core.ApplicationFilterChain.doFilter(ApplicationFilterChain.java:166)
		at org.apache.tomcat.websocket.server.WsFilter.doFilter(WsFilter.java:52)
		at org.apache.catalina.core.ApplicationFilterChain.internalDoFilter(ApplicationFilterChain.java:193)
		at org.apache.catalina.core.ApplicationFilterChain.doFilter(ApplicationFilterChain.java:166)
		at org.apache.catalina.core.StandardWrapperValve.invoke(StandardWrapperValve.java:199)
		at org.apache.catalina.core.StandardContextValve.invoke(StandardContextValve.java:96)
		at org.apache.catalina.authenticator.AuthenticatorBase.invoke(AuthenticatorBase.java:543)
		at org.apache.catalina.core.StandardHostValve.invoke(StandardHostValve.java:139)
		at org.apache.catalina.valves.ErrorReportValve.invoke(ErrorReportValve.java:81)
		at org.apache.catalina.valves.AbstractAccessLogValve.invoke(AbstractAccessLogValve.java:690)
		at org.apache.catalina.core.StandardEngineValve.invoke(StandardEngineValve.java:87)
		at org.apache.catalina.connector.CoyoteAdapter.service(CoyoteAdapter.java:343)
		at org.apache.coyote.http11.Http11Processor.service(Http11Processor.java:615)
		at org.apache.coyote.AbstractProcessorLight.process(AbstractProcessorLight.java:65)
		at org.apache.coyote.AbstractProtocol$ConnectionHandler.process(AbstractProtocol.java:818)
		at org.apache.tomcat.util.net.NioEndpoint$SocketProcessor.doRun(NioEndpoint.java:1627)
		at org.apache.tomcat.util.net.SocketProcessorBase.run(SocketProcessorBase.java:49)
		at java.util.concurrent.ThreadPoolExecutor.runWorker(ThreadPoolExecutor.java:1149)
		at java.util.concurrent.ThreadPoolExecutor$Worker.run(ThreadPoolExecutor.java:624)
		at org.apache.tomcat.util.threads.TaskThread$WrappingRunnable.run(TaskThread.java:61)
		at java.lang.Thread.run(Thread.java:748)
06-Jun-2020 21:20:58.708 信息 [localhost-startStop-2] org.apache.catalina.core.ApplicationContext.log Destroying Spring FrameworkServlet 'crm'
06-Jun-2020 21:20:58.715 信息 [localhost-startStop-2] org.apache.catalina.core.ApplicationContext.log Closing Spring root WebApplicationContext
06-Jun-2020 21:20:58.767 信息 [localhost-startStop-2] org.apache.catalina.core.ApplicationContext.log SessionListener: contextDestroyed()
06-Jun-2020 21:20:58.767 信息 [localhost-startStop-2] org.apache.catalina.core.ApplicationContext.log ContextListener: contextDestroyed()
06-Jun-2020 21:35:16.875 信息 [localhost-startStop-1] org.apache.catalina.core.ApplicationContext.log No Spring WebApplicationInitializer types detected on classpath
06-Jun-2020 21:35:16.935 信息 [localhost-startStop-1] org.apache.catalina.core.ApplicationContext.log Initializing Spring root WebApplicationContext
06-Jun-2020 21:35:18.757 信息 [localhost-startStop-1] org.apache.catalina.core.ApplicationContext.log Initializing Spring FrameworkServlet 'crm'
06-Jun-2020 21:35:20.093 信息 [localhost-startStop-1] org.apache.catalina.core.ApplicationContext.log ContextListener: contextInitialized()
06-Jun-2020 21:35:20.093 信息 [localhost-startStop-1] org.apache.catalina.core.ApplicationContext.log SessionListener: contextInitialized()
06-Jun-2020 21:35:20.094 信息 [localhost-startStop-1] org.apache.catalina.core.ApplicationContext.log ContextListener: attributeAdded('StockTicker', 'async.Stockticker@7dee5875')
06-Jun-2020 21:35:35.231 信息 [http-nio-8080-exec-2] org.apache.catalina.core.ApplicationContext.log Destroying Spring FrameworkServlet 'crm'
06-Jun-2020 21:35:35.233 信息 [http-nio-8080-exec-2] org.apache.catalina.core.ApplicationContext.log Closing Spring root WebApplicationContext
06-Jun-2020 21:35:41.893 信息 [http-nio-8080-exec-1] org.apache.catalina.core.ApplicationContext.log No Spring WebApplicationInitializer types detected on classpath
06-Jun-2020 21:35:41.950 信息 [http-nio-8080-exec-1] org.apache.catalina.core.ApplicationContext.log Initializing Spring root WebApplicationContext
06-Jun-2020 21:35:43.062 信息 [http-nio-8080-exec-1] org.apache.catalina.core.ApplicationContext.log Initializing Spring FrameworkServlet 'crm'
06-Jun-2020 21:36:27.925 信息 [http-nio-8080-exec-8] org.apache.catalina.core.ApplicationContext.log Destroying Spring FrameworkServlet 'crm'
06-Jun-2020 21:36:27.927 信息 [http-nio-8080-exec-8] org.apache.catalina.core.ApplicationContext.log Closing Spring root WebApplicationContext
06-Jun-2020 21:37:19.723 信息 [http-nio-8080-exec-10] org.apache.catalina.core.ApplicationContext.log No Spring WebApplicationInitializer types detected on classpath
06-Jun-2020 21:37:19.775 信息 [http-nio-8080-exec-10] org.apache.catalina.core.ApplicationContext.log Initializing Spring root WebApplicationContext
06-Jun-2020 21:37:21.076 信息 [http-nio-8080-exec-10] org.apache.catalina.core.ApplicationContext.log Initializing Spring FrameworkServlet 'crm'
06-Jun-2020 21:37:25.306 严重 [http-nio-8080-exec-13] org.apache.catalina.core.StandardWrapperValve.invoke 在路径为/myproject的上下文中，Servlet[crm]的Servlet.service（）引发了具有根本原因的异常Request processing failed; nested exception is org.springframework.jdbc.BadSqlGrammarException: 
### Error querying database.  Cause: com.mysql.jdbc.exceptions.jdbc4.MySQLSyntaxErrorException: Table 'ssmtest.food' doesn't exist
### The error may exist in cn/lt/core/dao/FoodDao.xml
### The error may involve defaultParameterMap
### The error occurred while setting parameters
### SQL: select *      from food
### Cause: com.mysql.jdbc.exceptions.jdbc4.MySQLSyntaxErrorException: Table 'ssmtest.food' doesn't exist
; bad SQL grammar []; nested exception is com.mysql.jdbc.exceptions.jdbc4.MySQLSyntaxErrorException: Table 'ssmtest.food' doesn't exist
	com.mysql.jdbc.exceptions.jdbc4.MySQLSyntaxErrorException: Table 'ssmtest.food' doesn't exist
		at sun.reflect.NativeConstructorAccessorImpl.newInstance0(Native Method)
		at sun.reflect.NativeConstructorAccessorImpl.newInstance(NativeConstructorAccessorImpl.java:62)
		at sun.reflect.DelegatingConstructorAccessorImpl.newInstance(DelegatingConstructorAccessorImpl.java:45)
		at java.lang.reflect.Constructor.newInstance(Constructor.java:423)
		at com.mysql.jdbc.Util.handleNewInstance(Util.java:425)
		at com.mysql.jdbc.Util.getInstance(Util.java:408)
		at com.mysql.jdbc.SQLError.createSQLException(SQLError.java:943)
		at com.mysql.jdbc.MysqlIO.checkErrorPacket(MysqlIO.java:3970)
		at com.mysql.jdbc.MysqlIO.checkErrorPacket(MysqlIO.java:3906)
		at com.mysql.jdbc.MysqlIO.sendCommand(MysqlIO.java:2524)
		at com.mysql.jdbc.MysqlIO.sqlQueryDirect(MysqlIO.java:2677)
		at com.mysql.jdbc.ConnectionImpl.execSQL(ConnectionImpl.java:2549)
		at com.mysql.jdbc.PreparedStatement.executeInternal(PreparedStatement.java:1861)
		at com.mysql.jdbc.PreparedStatement.execute(PreparedStatement.java:1192)
		at org.apache.commons.dbcp2.DelegatingPreparedStatement.execute(DelegatingPreparedStatement.java:198)
		at org.apache.commons.dbcp2.DelegatingPreparedStatement.execute(DelegatingPreparedStatement.java:198)
		at org.apache.ibatis.executor.statement.PreparedStatementHandler.query(PreparedStatementHandler.java:63)
		at org.apache.ibatis.executor.statement.RoutingStatementHandler.query(RoutingStatementHandler.java:79)
		at org.apache.ibatis.executor.SimpleExecutor.doQuery(SimpleExecutor.java:63)
		at org.apache.ibatis.executor.BaseExecutor.queryFromDatabase(BaseExecutor.java:324)
		at org.apache.ibatis.executor.BaseExecutor.query(BaseExecutor.java:156)
		at org.apache.ibatis.executor.CachingExecutor.query(CachingExecutor.java:109)
		at org.apache.ibatis.executor.CachingExecutor.query(CachingExecutor.java:83)
		at org.apache.ibatis.session.defaults.DefaultSqlSession.selectList(DefaultSqlSession.java:148)
		at org.apache.ibatis.session.defaults.DefaultSqlSession.selectList(DefaultSqlSession.java:141)
		at sun.reflect.NativeMethodAccessorImpl.invoke0(Native Method)
		at sun.reflect.NativeMethodAccessorImpl.invoke(NativeMethodAccessorImpl.java:62)
		at sun.reflect.DelegatingMethodAccessorImpl.invoke(DelegatingMethodAccessorImpl.java:43)
		at java.lang.reflect.Method.invoke(Method.java:498)
		at org.mybatis.spring.SqlSessionTemplate$SqlSessionInterceptor.invoke(SqlSessionTemplate.java:433)
		at com.sun.proxy.$Proxy93.selectList(Unknown Source)
		at org.mybatis.spring.SqlSessionTemplate.selectList(SqlSessionTemplate.java:230)
		at org.apache.ibatis.binding.MapperMethod.executeForMany(MapperMethod.java:137)
		at org.apache.ibatis.binding.MapperMethod.execute(MapperMethod.java:75)
		at org.apache.ibatis.binding.MapperProxy.invoke(MapperProxy.java:59)
		at com.sun.proxy.$Proxy94.findAllFood(Unknown Source)
		at cn.lt.core.service.impl.FoodServiceImpl.findAllFood(FoodServiceImpl.java:28)
		at sun.reflect.NativeMethodAccessorImpl.invoke0(Native Method)
		at sun.reflect.NativeMethodAccessorImpl.invoke(NativeMethodAccessorImpl.java:62)
		at sun.reflect.DelegatingMethodAccessorImpl.invoke(DelegatingMethodAccessorImpl.java:43)
		at java.lang.reflect.Method.invoke(Method.java:498)
		at org.springframework.aop.support.AopUtils.invokeJoinpointUsingReflection(AopUtils.java:333)
		at org.springframework.aop.framework.ReflectiveMethodInvocation.invokeJoinpoint(ReflectiveMethodInvocation.java:190)
		at org.springframework.aop.framework.ReflectiveMethodInvocation.proceed(ReflectiveMethodInvocation.java:157)
		at org.springframework.transaction.interceptor.TransactionInterceptor$1.proceedWithInvocation(TransactionInterceptor.java:99)
		at org.springframework.transaction.interceptor.TransactionAspectSupport.invokeWithinTransaction(TransactionAspectSupport.java:282)
		at org.springframework.transaction.interceptor.TransactionInterceptor.invoke(TransactionInterceptor.java:96)
		at org.springframework.aop.framework.ReflectiveMethodInvocation.proceed(ReflectiveMethodInvocation.java:179)
		at org.springframework.aop.interceptor.ExposeInvocationInterceptor.invoke(ExposeInvocationInterceptor.java:92)
		at org.springframework.aop.framework.ReflectiveMethodInvocation.proceed(ReflectiveMethodInvocation.java:179)
		at org.springframework.aop.framework.JdkDynamicAopProxy.invoke(JdkDynamicAopProxy.java:213)
		at com.sun.proxy.$Proxy97.findAllFood(Unknown Source)
		at cn.lt.core.web.controller.FoodController.index(FoodController.java:33)
		at sun.reflect.NativeMethodAccessorImpl.invoke0(Native Method)
		at sun.reflect.NativeMethodAccessorImpl.invoke(NativeMethodAccessorImpl.java:62)
		at sun.reflect.DelegatingMethodAccessorImpl.invoke(DelegatingMethodAccessorImpl.java:43)
		at java.lang.reflect.Method.invoke(Method.java:498)
		at org.springframework.web.method.support.InvocableHandlerMethod.doInvoke(InvocableHandlerMethod.java:205)
		at org.springframework.web.method.support.InvocableHandlerMethod.invokeForRequest(InvocableHandlerMethod.java:133)
		at org.springframework.web.servlet.mvc.method.annotation.ServletInvocableHandlerMethod.invokeAndHandle(ServletInvocableHandlerMethod.java:116)
		at org.springframework.web.servlet.mvc.method.annotation.RequestMappingHandlerAdapter.invokeHandlerMethod(RequestMappingHandlerAdapter.java:827)
		at org.springframework.web.servlet.mvc.method.annotation.RequestMappingHandlerAdapter.handleInternal(RequestMappingHandlerAdapter.java:738)
		at org.springframework.web.servlet.mvc.method.AbstractHandlerMethodAdapter.handle(AbstractHandlerMethodAdapter.java:85)
		at org.springframework.web.servlet.DispatcherServlet.doDispatch(DispatcherServlet.java:963)
		at org.springframework.web.servlet.DispatcherServlet.doService(DispatcherServlet.java:897)
		at org.springframework.web.servlet.FrameworkServlet.processRequest(FrameworkServlet.java:970)
		at org.springframework.web.servlet.FrameworkServlet.doGet(FrameworkServlet.java:861)
		at javax.servlet.http.HttpServlet.service(HttpServlet.java:634)
		at org.springframework.web.servlet.FrameworkServlet.service(FrameworkServlet.java:846)
		at javax.servlet.http.HttpServlet.service(HttpServlet.java:741)
		at org.apache.catalina.core.ApplicationFilterChain.internalDoFilter(ApplicationFilterChain.java:231)
		at org.apache.catalina.core.ApplicationFilterChain.doFilter(ApplicationFilterChain.java:166)
		at org.apache.tomcat.websocket.server.WsFilter.doFilter(WsFilter.java:52)
		at org.apache.catalina.core.ApplicationFilterChain.internalDoFilter(ApplicationFilterChain.java:193)
		at org.apache.catalina.core.ApplicationFilterChain.doFilter(ApplicationFilterChain.java:166)
		at org.apache.catalina.core.StandardWrapperValve.invoke(StandardWrapperValve.java:199)
		at org.apache.catalina.core.StandardContextValve.invoke(StandardContextValve.java:96)
		at org.apache.catalina.authenticator.AuthenticatorBase.invoke(AuthenticatorBase.java:543)
		at org.apache.catalina.core.StandardHostValve.invoke(StandardHostValve.java:139)
		at org.apache.catalina.valves.ErrorReportValve.invoke(ErrorReportValve.java:81)
		at org.apache.catalina.valves.AbstractAccessLogValve.invoke(AbstractAccessLogValve.java:690)
		at org.apache.catalina.core.StandardEngineValve.invoke(StandardEngineValve.java:87)
		at org.apache.catalina.connector.CoyoteAdapter.service(CoyoteAdapter.java:343)
		at org.apache.coyote.http11.Http11Processor.service(Http11Processor.java:615)
		at org.apache.coyote.AbstractProcessorLight.process(AbstractProcessorLight.java:65)
		at org.apache.coyote.AbstractProtocol$ConnectionHandler.process(AbstractProtocol.java:818)
		at org.apache.tomcat.util.net.NioEndpoint$SocketProcessor.doRun(NioEndpoint.java:1627)
		at org.apache.tomcat.util.net.SocketProcessorBase.run(SocketProcessorBase.java:49)
		at java.util.concurrent.ThreadPoolExecutor.runWorker(ThreadPoolExecutor.java:1149)
		at java.util.concurrent.ThreadPoolExecutor$Worker.run(ThreadPoolExecutor.java:624)
		at org.apache.tomcat.util.threads.TaskThread$WrappingRunnable.run(TaskThread.java:61)
		at java.lang.Thread.run(Thread.java:748)
06-Jun-2020 22:01:24.620 信息 [localhost-startStop-1] org.apache.catalina.core.ApplicationContext.log No Spring WebApplicationInitializer types detected on classpath
06-Jun-2020 22:01:24.689 信息 [localhost-startStop-1] org.apache.catalina.core.ApplicationContext.log Initializing Spring root WebApplicationContext
06-Jun-2020 22:01:26.057 信息 [localhost-startStop-1] org.apache.catalina.core.ApplicationContext.log Initializing Spring FrameworkServlet 'crm'
